8.1.2 01-02-2025 21:29:04 Starting new session. Mods: examplemod 
8.1.2 01-02-2025 21:29:12 MAJOR: null: Loading language: fr
8.1.2 01-02-2025 21:29:12 ERROR: null: Git conflict lines present in /minecraft/mods/millenaire/languages/zh_tw/quests_alchemist.txt
8.1.2 01-02-2025 21:29:12 ERROR: null: Git conflict lines present in /minecraft/mods/millenaire/languages/zh_tw/quests_sadhu.txt
8.1.2 01-02-2025 21:29:12 MAJOR: null: LanguageData loaded: fr. Wand invitem name: Wand of Summoning
8.1.2 01-02-2025 21:31:45 Starting new session. Mods: examplemod 
8.1.2 01-02-2025 21:31:54 MAJOR: null: Loading language: fr
8.1.2 01-02-2025 21:31:54 ERROR: null: Git conflict lines present in /minecraft/mods/millenaire/languages/zh_tw/quests_alchemist.txt
8.1.2 01-02-2025 21:31:54 ERROR: null: Git conflict lines present in /minecraft/mods/millenaire/languages/zh_tw/quests_sadhu.txt
8.1.2 01-02-2025 21:31:54 MAJOR: null: LanguageData loaded: fr. Wand invitem name: Wand of Summoning
8.1.2 21-02-2025 10:23:40 Starting new session. Mods: examplemod 
8.1.2 21-02-2025 10:23:47 MAJOR: null: Loading language: fr
8.1.2 21-02-2025 10:23:47 ERROR: null: Git conflict lines present in /minecraft/mods/millenaire/languages/zh_tw/quests_alchemist.txt
8.1.2 21-02-2025 10:23:47 ERROR: null: Git conflict lines present in /minecraft/mods/millenaire/languages/zh_tw/quests_sadhu.txt
8.1.2 21-02-2025 10:23:49 MAJOR: null: LanguageData loaded: fr. Wand invitem name: Wand of Summoning
8.1.2 21-02-2025 10:27:22 Starting new session. Mods: examplemod 
8.1.2 21-02-2025 10:27:51 Starting new session. Mods: examplemod 
8.1.2 21-02-2025 10:27:59 MAJOR: null: Loading language: fr
8.1.2 21-02-2025 10:27:59 ERROR: null: Git conflict lines present in /minecraft/mods/millenaire/languages/zh_tw/quests_alchemist.txt
8.1.2 21-02-2025 10:27:59 ERROR: null: Git conflict lines present in /minecraft/mods/millenaire/languages/zh_tw/quests_sadhu.txt
8.1.2 21-02-2025 10:28:01 MAJOR: null: LanguageData loaded: fr. Wand invitem name: Wand of Summoning
8.1.2 21-02-2025 10:43:18 Starting new session. Mods: examplemod 
8.1.2 21-02-2025 10:43:25 MAJOR: null: Loading language: fr
8.1.2 21-02-2025 10:43:25 ERROR: null: Git conflict lines present in /minecraft/mods/millenaire/languages/zh_tw/quests_alchemist.txt
8.1.2 21-02-2025 10:43:25 ERROR: null: Git conflict lines present in /minecraft/mods/millenaire/languages/zh_tw/quests_sadhu.txt
8.1.2 21-02-2025 10:43:27 MAJOR: null: LanguageData loaded: fr. Wand invitem name: Wand of Summoning
8.1.2 21-02-2025 10:45:43 Starting new session. Mods: examplemod 
8.1.2 21-02-2025 10:45:51 MAJOR: null: Loading language: fr
8.1.2 21-02-2025 10:45:51 ERROR: null: Git conflict lines present in /minecraft/mods/millenaire/languages/zh_tw/quests_alchemist.txt
8.1.2 21-02-2025 10:45:51 ERROR: null: Git conflict lines present in /minecraft/mods/millenaire/languages/zh_tw/quests_sadhu.txt
8.1.2 21-02-2025 10:45:51 MAJOR: null: LanguageData loaded: fr. Wand invitem name: Wand of Summoning
8.1.2 21-02-2025 10:47:25 Starting new session. Mods: examplemod 
8.1.2 21-02-2025 10:47:32 MAJOR: null: Loading language: fr
8.1.2 21-02-2025 10:47:32 ERROR: null: Git conflict lines present in /minecraft/mods/millenaire/languages/zh_tw/quests_alchemist.txt
8.1.2 21-02-2025 10:47:32 ERROR: null: Git conflict lines present in /minecraft/mods/millenaire/languages/zh_tw/quests_sadhu.txt
8.1.2 21-02-2025 10:47:33 MAJOR: null: LanguageData loaded: fr. Wand invitem name: Wand of Summoning
